<?xml version="1.0" encoding="UTF-8"?>
<!-- Generated by org.testng.reporters.JUnitXMLReporter -->
<testsuite ignored="0" hostname="Emre-MacBook-Pro.local" failures="3" tests="16" name="Command line test" time="0.032" errors="0" timestamp="21 Ara 2020 19:43:17 GMT">
  <testcase classname="com.tuttur.base.BaseTest" name="@AfterMethod tearDown" time="0.0">
    <failure type="java.lang.NullPointerException" message="Cannot invoke &amp;quot;org.openqa.selenium.WebDriver.quit()&amp;quot; because &amp;quot;this.driver&amp;quot; is null">
      <![CDATA[java.lang.NullPointerException: Cannot invoke "org.openqa.selenium.WebDriver.quit()" because "this.driver" is null
at com.tuttur.base.BaseTest.tearDown(BaseTest.java:84)
... Removed 38 stack frames]]>
    </failure>
  </testcase> <!-- @AfterMethod tearDown -->
  <testcase classname="com.tuttur.base.BaseTest" name="@AfterMethod tearDown" time="0.0">
    <skipped/>
  </testcase> <!-- @AfterMethod tearDown -->
  <testcase classname="com.tuttur.base.BaseTest" name="@AfterMethod tearDown" time="0.0">
    <skipped/>
  </testcase> <!-- @AfterMethod tearDown -->
  <testcase classname="com.tuttur.base.BaseTest" name="@AfterMethod tearDown" time="0.0">
    <skipped/>
  </testcase> <!-- @AfterMethod tearDown -->
  <testcase classname="com.tuttur.base.BaseTest" name="@AfterMethod tearDown" time="0.0">
    <skipped/>
  </testcase> <!-- @AfterMethod tearDown -->
  <testcase classname="com.tuttur.base.BaseTest" name="@AfterMethod tearDown" time="0.0">
    <skipped/>
  </testcase> <!-- @AfterMethod tearDown -->
  <testcase classname="com.tuttur.base.BaseTest" name="@AfterMethod tearDown" time="0.0">
    <skipped/>
  </testcase> <!-- @AfterMethod tearDown -->
  <testcase classname="com.tuttur.base.BaseTest" name="@AfterMethod tearDown" time="0.0">
    <skipped/>
  </testcase> <!-- @AfterMethod tearDown -->
  <testcase classname="com.tuttur.base.BaseTest" name="@AfterMethod tearDown" time="0.0">
    <skipped/>
  </testcase> <!-- @AfterMethod tearDown -->
  <testcase classname="com.tuttur.base.BaseTest" name="@AfterMethod tearDown" time="0.0">
    <skipped/>
  </testcase> <!-- @AfterMethod tearDown -->
  <testcase classname="com.tuttur.base.BaseTest" name="@AfterMethod tearDown" time="0.0">
    <skipped/>
  </testcase> <!-- @AfterMethod tearDown -->
  <testcase classname="com.tuttur.base.BaseTest" name="@AfterMethod tearDown" time="0.0">
    <failure type="java.lang.NullPointerException" message="Cannot invoke &amp;quot;org.openqa.selenium.WebDriver.quit()&amp;quot; because &amp;quot;this.driver&amp;quot; is null">
      <![CDATA[java.lang.NullPointerException: Cannot invoke "org.openqa.selenium.WebDriver.quit()" because "this.driver" is null
at com.tuttur.base.BaseTest.tearDown(BaseTest.java:84)
... Removed 38 stack frames]]>
    </failure>
  </testcase> <!-- @AfterMethod tearDown -->
  <testcase classname="com.tuttur.base.BaseTest" name="@AfterMethod tearDown" time="0.0">
    <skipped/>
  </testcase> <!-- @AfterMethod tearDown -->
  <testcase classname="com.tuttur.base.BaseTest" name="@AfterMethod tearDown" time="0.0">
    <skipped/>
  </testcase> <!-- @AfterMethod tearDown -->
  <testcase classname="com.tuttur.base.BaseTest" name="@AfterMethod tearDown" time="0.0">
    <skipped/>
  </testcase> <!-- @AfterMethod tearDown -->
  <testcase classname="com.tuttur.base.BaseTest" name="@AfterMethod tearDown" time="0.001">
    <failure type="java.lang.NullPointerException" message="Cannot invoke &amp;quot;org.openqa.selenium.WebDriver.quit()&amp;quot; because &amp;quot;this.driver&amp;quot; is null">
      <![CDATA[java.lang.NullPointerException: Cannot invoke "org.openqa.selenium.WebDriver.quit()" because "this.driver" is null
at com.tuttur.base.BaseTest.tearDown(BaseTest.java:84)
... Removed 38 stack frames]]>
    </failure>
  </testcase> <!-- @AfterMethod tearDown -->
  <testcase classname="com.tuttur.test.LoginTest" name="failLoginWithAccountNo" time="0.005">
    <failure type="java.lang.NullPointerException" message="Cannot invoke &amp;quot;org.openqa.selenium.WebDriver.findElement(org.openqa.selenium.By)&amp;quot; because &amp;quot;this.driver&amp;quot; is null">
      <![CDATA[java.lang.NullPointerException: Cannot invoke "org.openqa.selenium.WebDriver.findElement(org.openqa.selenium.By)" because "this.driver" is null
at com.tuttur.util.BasePageUtil.clickObjectBy(BasePageUtil.java:137)
at com.tuttur.page.MainPage.getLoginPage(MainPage.java:39)
at com.tuttur.test.LoginTest.failLoginWithAccountNo(LoginTest.java:77)
... Removed 35 stack frames]]>
    </failure>
  </testcase> <!-- failLoginWithAccountNo -->
  <testcase classname="com.tuttur.test.LoginTest" name="failLoginWithEmail" time="0.0">
    <skipped/>
  </testcase> <!-- failLoginWithEmail -->
  <testcase classname="com.tuttur.test.LoginTest" name="failLoginWithPassword" time="0.0">
    <skipped/>
  </testcase> <!-- failLoginWithPassword -->
  <testcase classname="com.tuttur.test.LoginTest" name="failLoginWithPhoneNumber" time="0.0">
    <skipped/>
  </testcase> <!-- failLoginWithPhoneNumber -->
  <testcase classname="com.tuttur.test.LoginTest" name="failLoginWithSsn" time="0.0">
    <skipped/>
  </testcase> <!-- failLoginWithSsn -->
  <testcase classname="com.tuttur.test.LoginTest" name="failLoginWithUsername" time="0.0">
    <skipped/>
  </testcase> <!-- failLoginWithUsername -->
  <testcase classname="com.tuttur.test.LoginTest" name="loginInputMaxValueControl" time="0.0">
    <skipped/>
  </testcase> <!-- loginInputMaxValueControl -->
  <testcase classname="com.tuttur.test.LoginTest" name="loginWithMissingInfo" time="0.0">
    <skipped/>
  </testcase> <!-- loginWithMissingInfo -->
  <testcase classname="com.tuttur.test.LoginTest" name="successfulllyLoginWithIdentityNo" time="0.0">
    <skipped/>
  </testcase> <!-- successfulllyLoginWithIdentityNo -->
  <testcase classname="com.tuttur.test.LoginTest" name="successfullyLoginWithAccountNo" time="0.0">
    <skipped/>
  </testcase> <!-- successfullyLoginWithAccountNo -->
  <testcase classname="com.tuttur.test.LoginTest" name="successfullyLoginWithUserName" time="0.0">
    <skipped/>
  </testcase> <!-- successfullyLoginWithUserName -->
  <testcase classname="com.tuttur.test.RegisterTest" name="fieldRuleCheck" time="0.0">
    <failure type="java.lang.NullPointerException" message="Cannot invoke &amp;quot;org.openqa.selenium.WebDriver.findElement(org.openqa.selenium.By)&amp;quot; because &amp;quot;this.driver&amp;quot; is null">
      <![CDATA[java.lang.NullPointerException: Cannot invoke "org.openqa.selenium.WebDriver.findElement(org.openqa.selenium.By)" because "this.driver" is null
at com.tuttur.util.BasePageUtil.clickObjectBy(BasePageUtil.java:137)
at com.tuttur.page.MainPage.getRegisterPageNotUpdate(MainPage.java:56)
at com.tuttur.test.RegisterTest.fieldRuleCheck(RegisterTest.java:77)
... Removed 35 stack frames]]>
    </failure>
  </testcase> <!-- fieldRuleCheck -->
  <testcase classname="com.tuttur.test.RegisterTest" name="registerWithInvalidData" time="0.0">
    <skipped/>
  </testcase> <!-- registerWithInvalidData -->
  <testcase classname="com.tuttur.test.RegisterTest" name="registerWithUseFunctionality" time="0.0">
    <skipped/>
  </testcase> <!-- registerWithUseFunctionality -->
  <testcase classname="com.tuttur.test.RegisterTest" name="successFullyRegisterTest" time="0.0">
    <skipped/>
  </testcase> <!-- successFullyRegisterTest -->
  <testcase classname="com.tuttur.test.ForgotPassTest" name="forgotPassword" time="0.0">
    <failure type="java.lang.NullPointerException" message="Cannot invoke &amp;quot;org.openqa.selenium.WebDriver.findElement(org.openqa.selenium.By)&amp;quot; because &amp;quot;this.driver&amp;quot; is null">
      <![CDATA[java.lang.NullPointerException: Cannot invoke "org.openqa.selenium.WebDriver.findElement(org.openqa.selenium.By)" because "this.driver" is null
at com.tuttur.util.BasePageUtil.clickObjectBy(BasePageUtil.java:137)
at com.tuttur.page.MainPage.getLoginPage(MainPage.java:39)
at com.tuttur.test.ForgotPassTest.forgotPassword(ForgotPassTest.java:22)
... Removed 35 stack frames]]>
    </failure>
  </testcase> <!-- forgotPassword -->
</testsuite> <!-- Command line test -->
